<?xml version="1.0" encoding="UTF-8"?>
<testng-results skipped="0" failed="0" ignored="0" total="1" passed="1">
  <reporter-output>
  </reporter-output>
  <suite name="Default suite" duration-ms="16820" started-at="2018-11-23T12:07:41Z" finished-at="2018-11-23T12:07:58Z">
    <groups>
    </groups>
    <test name="Default test" duration-ms="16820" started-at="2018-11-23T12:07:41Z" finished-at="2018-11-23T12:07:58Z">
      <class name="SeleniumScenarios.CalendarFreeCRM">
        <test-method status="PASS" signature="TestCalendar()[pri:0, instance:SeleniumScenarios.CalendarFreeCRM@29774679]" name="TestCalendar" duration-ms="16795" started-at="2018-11-23T12:07:41Z" finished-at="2018-11-23T12:07:58Z">
          <reporter-output>
          </reporter-output>
        </test-method> <!-- TestCalendar -->
      </class> <!-- SeleniumScenarios.CalendarFreeCRM -->
    </test> <!-- Default test -->
  </suite> <!-- Default suite -->
</testng-results>
